<?xml version="1.0" encoding="UTF-8"?>
<!-- Generated by org.testng.reporters.JUnitXMLReporter -->
<testsuite ignored="0" hostname="LAPTOP-E2KT3BQR" failures="0" tests="6" name="Test" time="56.883" errors="0" timestamp="2024-01-15T20:12:27 IST">
  <testcase classname="AmazonTestCases.Testcases" name="tc01" time="6.232"/>
  <testcase classname="AmazonTestCases.Testcases" name="drag_Drop_Tc02" time="15.011"/>
  <testcase classname="AmazonTestCases.Testcases" name="tc04" time="4.206"/>
  <testcase classname="AmazonTestCases.Testcases" name="alertsInSelenium" time="7.567"/>
  <testcase classname="AmazonTestCases.Testcases" name="handlingTables" time="5.233"/>
  <testcase classname="AmazonTestCases.Testcases" name="handlingScrollbar" time="1.764"/>
</testsuite> <!-- Test -->
