<?xml version="1.0" encoding="UTF-8"?>
<testng-results ignored="0" total="1" passed="1" failed="0" skipped="0">
  <reporter-output>
  </reporter-output>
  <suite started-at="2024-01-10T08:11:07 IST" name="Suite" finished-at="2024-01-10T08:11:21 IST" duration-ms="14410">
    <groups>
    </groups>
    <test started-at="2024-01-10T08:11:07 IST" name="Test" finished-at="2024-01-10T08:11:21 IST" duration-ms="14410">
      <class name="AmazonTestCases.Testcases">
        <test-method is-config="true" signature="intialization()[pri:0, instance:AmazonTestCases.Testcases@158d2680]" started-at="2024-01-10T08:11:07 IST" name="intialization" finished-at="2024-01-10T08:11:10 IST" duration-ms="3580" status="PASS">
          <reporter-output>
          </reporter-output>
        </test-method> <!-- intialization -->
        <test-method signature="flipCartAddCartItem()[pri:0, instance:AmazonTestCases.Testcases@158d2680]" started-at="2024-01-10T08:11:10 IST" name="flipCartAddCartItem" finished-at="2024-01-10T08:11:21 IST" duration-ms="10796" status="PASS">
          <reporter-output>
          </reporter-output>
        </test-method> <!-- flipCartAddCartItem -->
      </class> <!-- AmazonTestCases.Testcases -->
    </test> <!-- Test -->
  </suite> <!-- Suite -->
</testng-results>
