<?xml version="1.0" encoding="UTF-8"?>
<testng-results ignored="0" total="1" passed="1" failed="0" skipped="0">
  <reporter-output>
  </reporter-output>
  <suite started-at="2023-12-29T19:51:01 IST" name="Suite" finished-at="2023-12-29T19:51:10 IST" duration-ms="9511">
    <groups>
    </groups>
    <test started-at="2023-12-29T19:51:01 IST" name="Test" finished-at="2023-12-29T19:51:10 IST" duration-ms="9511">
      <class name="AmazonTestCases.Testcases">
        <test-method is-config="true" signature="intialization()[pri:0, instance:AmazonTestCases.Testcases@131774fe]" started-at="2023-12-29T19:51:01 IST" name="intialization" finished-at="2023-12-29T19:51:05 IST" duration-ms="4668" status="PASS">
          <reporter-output>
          </reporter-output>
        </test-method> <!-- intialization -->
        <test-method signature="tc01()[pri:0, instance:AmazonTestCases.Testcases@131774fe]" started-at="2023-12-29T19:51:05 IST" name="tc01" finished-at="2023-12-29T19:51:10 IST" duration-ms="4801" status="PASS">
          <reporter-output>
          </reporter-output>
        </test-method> <!-- tc01 -->
      </class> <!-- AmazonTestCases.Testcases -->
    </test> <!-- Test -->
  </suite> <!-- Suite -->
</testng-results>
